<?xml version="1.0" encoding="UTF-8"?>
<testsuite xmlns:xsi="http://www.w3.org/2001/XMLSchema-instance" xsi:noNamespaceSchemaLocation="https://maven.apache.org/surefire/maven-surefire-plugin/xsd/surefire-test-report.xsd" version="3.0.2" name="TestSuite" time="33.831" tests="7" errors="0" skipped="1" failures="2">
  <properties>
[...]
</properties>
  <testcase name="setUpClass[org.testng.TestRunner@53f48368](0)" classname="cucumber.TestNGTestRunner" time="0.883">
    <failure message="Failed to parse resource at: file:///C:/Users/ppras/git/SeleniumFrameworkDesign/SeleniumFrameworkDesign/src/test/java/cucumber/TryRestAssured.feature&#10;(9:3): expected: #TagLine, #RuleLine, #Comment, #Empty, got &apos;Scenario : Positive Test of Submitting the order&apos;&#10;(12:5): expected: #TagLine, #RuleLine, #Comment, #Empty, got &apos;Given Logged in with username &lt;name&gt; and password &lt;password&gt;&apos;&#10;(13:5): expected: #TagLine, #RuleLine, #Comment, #Empty, got &apos;When I add product &lt;productName&gt; to Cart&apos;&#10;(14:5): expected: #TagLine, #RuleLine, #Comment, #Empty, got &apos;And Checkout &lt;productName&gt; and submit the order&apos;&#10;(15:5): expected: #TagLine, #RuleLine, #Comment, #Empty, got &apos;Then &quot;THANKYOU FOR THE ORDER.&quot; message is displayed on ConfirmationPage&apos;&#10;(21:0): unexpected end of file, expected: #TagLine, #RuleLine, #Comment, #Empty" type="io.cucumber.core.gherkin.FeatureParserException"><![CDATA[io.cucumber.core.gherkin.FeatureParserException: 
Failed to parse resource at: file:///C:/Users/ppras/git/SeleniumFrameworkDesign/SeleniumFrameworkDesign/src/test/java/cucumber/TryRestAssured.feature
(9:3): expected: #TagLine, #RuleLine, #Comment, #Empty, got 'Scenario : Positive Test of Submitting the order'
(12:5): expected: #TagLine, #RuleLine, #Comment, #Empty, got 'Given Logged in with username <name> and password <password>'
(13:5): expected: #TagLine, #RuleLine, #Comment, #Empty, got 'When I add product <productName> to Cart'
(14:5): expected: #TagLine, #RuleLine, #Comment, #Empty, got 'And Checkout <productName> and submit the order'
(15:5): expected: #TagLine, #RuleLine, #Comment, #Empty, got 'Then "THANKYOU FOR THE ORDER." message is displayed on ConfirmationPage'
(21:0): unexpected end of file, expected: #TagLine, #RuleLine, #Comment, #Empty
	at io.cucumber.core.gherkin.messages.GherkinMessagesFeatureParser.parse(GherkinMessagesFeatureParser.java:56)
	at io.cucumber.core.feature.FeatureParser.parseResource(FeatureParser.java:46)
	at java.base/java.util.function.BiFunction.lambda$andThen$0(BiFunction.java:70)
	at io.cucumber.core.resource.ResourceScanner.lambda$processResource$1(ResourceScanner.java:79)
	at io.cucumber.core.resource.PathScanner$ResourceFileVisitor.visitFile(PathScanner.java:75)
	at io.cucumber.core.resource.PathScanner$ResourceFileVisitor.visitFile(PathScanner.java:60)
	at java.base/java.nio.file.Files.walkFileTree(Files.java:2725)
	at io.cucumber.core.resource.PathScanner.findResourcesForPath(PathScanner.java:53)
	at io.cucumber.core.resource.PathScanner.findResourcesForUri(PathScanner.java:31)
	at io.cucumber.core.resource.ResourceScanner.findResourcesForUri(ResourceScanner.java:61)
	at io.cucumber.core.resource.ResourceScanner.scanForResourcesUri(ResourceScanner.java:134)
	at io.cucumber.core.runtime.FeaturePathFeatureSupplier.loadFeatures(FeaturePathFeatureSupplier.java:62)
	at io.cucumber.core.runtime.FeaturePathFeatureSupplier.get(FeaturePathFeatureSupplier.java:45)
	at io.cucumber.testng.TestNGCucumberRunner.<init>(TestNGCucumberRunner.java:122)
	at io.cucumber.testng.AbstractTestNGCucumberTests.setUpClass(AbstractTestNGCucumberTests.java:27)
	at java.base/jdk.internal.reflect.NativeMethodAccessorImpl.invoke0(Native Method)
	at java.base/jdk.internal.reflect.NativeMethodAccessorImpl.invoke(NativeMethodAccessorImpl.java:62)
	at java.base/jdk.internal.reflect.DelegatingMethodAccessorImpl.invoke(DelegatingMethodAccessorImpl.java:43)
	at java.base/java.lang.reflect.Method.invoke(Method.java:566)
	at org.testng.internal.invokers.MethodInvocationHelper.invokeMethod(MethodInvocationHelper.java:141)
	at org.testng.internal.invokers.MethodInvocationHelper.invokeMethodConsideringTimeout(MethodInvocationHelper.java:71)
	at org.testng.internal.invokers.ConfigInvoker.invokeConfigurationMethod(ConfigInvoker.java:400)
	at org.testng.internal.invokers.ConfigInvoker.invokeConfigurations(ConfigInvoker.java:333)
	at org.testng.internal.invokers.TestMethodWorker.invokeBeforeClassMethods(TestMethodWorker.java:188)
	at org.testng.internal.invokers.TestMethodWorker.run(TestMethodWorker.java:128)
	at java.base/java.util.ArrayList.forEach(ArrayList.java:1541)
	at org.testng.TestRunner.privateRun(TestRunner.java:739)
	at org.testng.TestRunner.run(TestRunner.java:614)
	at org.testng.SuiteRunner.runTest(SuiteRunner.java:421)
	at org.testng.SuiteRunner.runSequentially(SuiteRunner.java:413)
	at org.testng.SuiteRunner.privateRun(SuiteRunner.java:373)
	at org.testng.SuiteRunner.run(SuiteRunner.java:312)
	at org.testng.SuiteRunnerWorker.runSuite(SuiteRunnerWorker.java:52)
	at org.testng.SuiteRunnerWorker.run(SuiteRunnerWorker.java:95)
	at org.testng.TestNG.runSuitesSequentially(TestNG.java:1274)
	at org.testng.TestNG.runSuitesLocally(TestNG.java:1208)
	at org.testng.TestNG.runSuites(TestNG.java:1112)
	at org.testng.TestNG.run(TestNG.java:1079)
	at org.apache.maven.surefire.testng.TestNGExecutor.run(TestNGExecutor.java:155)
	at org.apache.maven.surefire.testng.TestNGDirectoryTestSuite.executeMulti(TestNGDirectoryTestSuite.java:169)
	at org.apache.maven.surefire.testng.TestNGDirectoryTestSuite.execute(TestNGDirectoryTestSuite.java:88)
	at org.apache.maven.surefire.testng.TestNGProvider.invoke(TestNGProvider.java:137)
	at org.apache.maven.surefire.booter.ForkedBooter.runSuitesInProcess(ForkedBooter.java:385)
	at org.apache.maven.surefire.booter.ForkedBooter.execute(ForkedBooter.java:162)
	at org.apache.maven.surefire.booter.ForkedBooter.run(ForkedBooter.java:507)
	at org.apache.maven.surefire.booter.ForkedBooter.main(ForkedBooter.java:495)
]]></failure>
    <system-err><![CDATA[SLF4J(W): No SLF4J providers were found.
SLF4J(W): Defaulting to no-operation (NOP) logger implementation
SLF4J(W): See https://www.slf4j.org/codes.html#noProviders for further details.
]]></system-err>
  </testcase>
  <testcase name="LoginErrorValidation" classname="rahulshettyacademy.tests.ErrorValidationsTest" time="0.0">
    <skipped message="expected [Login Successfully] but found [Incorrect email or password.]"/>
  </testcase>
  <testcase name="LoginErrorValidation" classname="rahulshettyacademy.tests.ErrorValidationsTest" time="1.104">
    <failure message="expected [Login Successfully] but found [Incorrect email or password.]" type="java.lang.AssertionError"><![CDATA[java.lang.AssertionError: expected [Login Successfully] but found [Incorrect email or password.]
	at org.testng.Assert.fail(Assert.java:111)
	at org.testng.Assert.failNotEquals(Assert.java:1578)
	at org.testng.Assert.assertEqualsImpl(Assert.java:150)
	at org.testng.Assert.assertEquals(Assert.java:132)
	at org.testng.Assert.assertEquals(Assert.java:656)
	at org.testng.Assert.assertEquals(Assert.java:666)
	at rahulshettyacademy.tests.ErrorValidationsTest.LoginErrorValidation(ErrorValidationsTest.java:25)
	at java.base/jdk.internal.reflect.NativeMethodAccessorImpl.invoke0(Native Method)
	at java.base/jdk.internal.reflect.NativeMethodAccessorImpl.invoke(NativeMethodAccessorImpl.java:62)
	at java.base/jdk.internal.reflect.DelegatingMethodAccessorImpl.invoke(DelegatingMethodAccessorImpl.java:43)
	at java.base/java.lang.reflect.Method.invoke(Method.java:566)
	at org.testng.internal.invokers.MethodInvocationHelper.invokeMethod(MethodInvocationHelper.java:141)
	at org.testng.internal.invokers.TestInvoker.invokeMethod(TestInvoker.java:686)
	at org.testng.internal.invokers.TestInvoker.retryFailed(TestInvoker.java:269)
	at org.testng.internal.invokers.MethodRunner.runInSequence(MethodRunner.java:76)
	at org.testng.internal.invokers.TestInvoker$MethodInvocationAgent.invoke(TestInvoker.java:992)
	at org.testng.internal.invokers.TestInvoker.invokeTestMethods(TestInvoker.java:203)
	at org.testng.internal.invokers.TestMethodWorker.invokeTestMethods(TestMethodWorker.java:154)
	at org.testng.internal.invokers.TestMethodWorker.run(TestMethodWorker.java:134)
	at java.base/java.util.ArrayList.forEach(ArrayList.java:1541)
	at org.testng.TestRunner.privateRun(TestRunner.java:739)
	at org.testng.TestRunner.run(TestRunner.java:614)
	at org.testng.SuiteRunner.runTest(SuiteRunner.java:421)
	at org.testng.SuiteRunner.runSequentially(SuiteRunner.java:413)
	at org.testng.SuiteRunner.privateRun(SuiteRunner.java:373)
	at org.testng.SuiteRunner.run(SuiteRunner.java:312)
	at org.testng.SuiteRunnerWorker.runSuite(SuiteRunnerWorker.java:52)
	at org.testng.SuiteRunnerWorker.run(SuiteRunnerWorker.java:95)
	at org.testng.TestNG.runSuitesSequentially(TestNG.java:1274)
	at org.testng.TestNG.runSuitesLocally(TestNG.java:1208)
	at org.testng.TestNG.runSuites(TestNG.java:1112)
	at org.testng.TestNG.run(TestNG.java:1079)
	at org.apache.maven.surefire.testng.TestNGExecutor.run(TestNGExecutor.java:155)
	at org.apache.maven.surefire.testng.TestNGDirectoryTestSuite.executeMulti(TestNGDirectoryTestSuite.java:169)
	at org.apache.maven.surefire.testng.TestNGDirectoryTestSuite.execute(TestNGDirectoryTestSuite.java:88)
	at org.apache.maven.surefire.testng.TestNGProvider.invoke(TestNGProvider.java:137)
	at org.apache.maven.surefire.booter.ForkedBooter.runSuitesInProcess(ForkedBooter.java:385)
	at org.apache.maven.surefire.booter.ForkedBooter.execute(ForkedBooter.java:162)
	at org.apache.maven.surefire.booter.ForkedBooter.run(ForkedBooter.java:507)
	at org.apache.maven.surefire.booter.ForkedBooter.main(ForkedBooter.java:495)
]]></failure>
  </testcase>
  <testcase name="ProductErrorValidation" classname="rahulshettyacademy.tests.ErrorValidationsTest" time="1.919"/>
  <testcase name="submitOrder[{password=Iamking@000, product=ZARA COAT 3, email=anshika@gmail.com}](1)" classname="rahulshettyacademy.tests.SubmitOrderTest" time="7.874"/>
  <testcase name="submitOrder[{password=Iamking@000, product=ADIDAS ORIGINAL, email=shetty@gmail.com}](2)" classname="rahulshettyacademy.tests.SubmitOrderTest" time="7.28"/>
  <testcase name="OrderHistoryTest" classname="rahulshettyacademy.tests.SubmitOrderTest" time="0.674"/>
</testsuite>